<?xml version="1.0" encoding="utf-8"?><testsuites name="pytest tests"><testsuite name="pytest" errors="0" failures="0" skipped="0" tests="17" time="3.956" timestamp="2026-04-22T17:55:11.125142+00:00" hostname="agent-env-8b2b64f3-c06a-4729-b0b6-a5aaff4c5867"><testcase classname="backend.tests.test_partidas_filters.TestAuth" name="test_login_success" time="0.966" /><testcase classname="backend.tests.test_partidas_filters.TestPartidasFilters" name="test_partidas_without_filters" time="0.467" /><testcase classname="backend.tests.test_partidas_filters.TestPartidasFilters" name="test_partidas_filter_by_year_2025" time="0.113" /><testcase classname="backend.tests.test_partidas_filters.TestPartidasFilters" name="test_partidas_filter_by_year_2024" time="0.155" /><testcase classname="backend.tests.test_partidas_filters.TestPartidasFilters" name="test_partidas_filter_by_year_2026" time="0.124" /><testcase classname="backend.tests.test_partidas_filters.TestPartidasFilters" name="test_partidas_filter_by_resultado_vitoria" time="0.109" /><testcase classname="backend.tests.test_partidas_filters.TestPartidasFilters" name="test_partidas_filter_by_resultado_empate" time="0.128" /><testcase classname="backend.tests.test_partidas_filters.TestPartidasFilters" name="test_partidas_filter_by_resultado_derrota" time="0.128" /><testcase classname="backend.tests.test_partidas_filters.TestPartidasFilters" name="test_partidas_filter_year_and_resultado" time="0.146" /><testcase classname="backend.tests.test_partidas_filters.TestPartidasFilters" name="test_partidas_filter_year_and_month" time="0.113" /><testcase classname="backend.tests.test_partidas_filters.TestPartidasFilters" name="test_partidas_filter_year_month_resultado" time="0.122" /><testcase classname="backend.tests.test_partidas_filters.TestPartidasFilters" name="test_partidas_resultado_calculation" time="0.141" /><testcase classname="backend.tests.test_partidas_filters.TestPartidasCRUD" name="test_create_partida" time="0.452" /><testcase classname="backend.tests.test_partidas_filters.TestPartidasCRUD" name="test_get_created_partida" time="0.112" /><testcase classname="backend.tests.test_partidas_filters.TestPartidasCRUD" name="test_update_partida" time="0.137" /><testcase classname="backend.tests.test_partidas_filters.TestPartidasCRUD" name="test_delete_partida" time="0.243" /><testcase classname="backend.tests.test_partidas_filters.TestPartidasUnauthorized" name="test_partidas_unauthorized" time="0.117" /></testsuite></testsuites>