<?xml version="1.0" encoding="utf-8"?><testsuites name="pytest tests"><testsuite name="pytest" errors="0" failures="0" skipped="0" tests="21" time="4.043" timestamp="2026-04-22T17:46:36.378566+00:00" hostname="agent-env-8b2b64f3-c06a-4729-b0b6-a5aaff4c5867"><testcase classname="backend.tests.test_relatorios_export.TestAuth" name="test_login_success" time="0.375" /><testcase classname="backend.tests.test_relatorios_export.TestExcelExport" name="test_export_excel_atletas_no_filter" time="0.506" /><testcase classname="backend.tests.test_relatorios_export.TestExcelExport" name="test_export_excel_treinos_no_filter" time="0.139" /><testcase classname="backend.tests.test_relatorios_export.TestExcelExport" name="test_export_excel_treinos_year_filter" time="0.139" /><testcase classname="backend.tests.test_relatorios_export.TestExcelExport" name="test_export_excel_treinos_month_year_filter" time="0.135" /><testcase classname="backend.tests.test_relatorios_export.TestExcelExport" name="test_export_excel_partidas_no_filter" time="0.142" /><testcase classname="backend.tests.test_relatorios_export.TestExcelExport" name="test_export_excel_partidas_year_filter" time="0.164" /><testcase classname="backend.tests.test_relatorios_export.TestExcelExport" name="test_export_excel_partidas_month_year_filter" time="0.134" /><testcase classname="backend.tests.test_relatorios_export.TestExcelExport" name="test_export_excel_financeiro_no_filter" time="0.199" /><testcase classname="backend.tests.test_relatorios_export.TestExcelExport" name="test_export_excel_financeiro_year_filter" time="0.164" /><testcase classname="backend.tests.test_relatorios_export.TestExcelExport" name="test_export_excel_financeiro_month_year_filter" time="0.136" /><testcase classname="backend.tests.test_relatorios_export.TestPdfExport" name="test_export_pdf_atletas_no_filter" time="0.488" /><testcase classname="backend.tests.test_relatorios_export.TestPdfExport" name="test_export_pdf_treinos_no_filter" time="0.132" /><testcase classname="backend.tests.test_relatorios_export.TestPdfExport" name="test_export_pdf_treinos_year_filter" time="0.119" /><testcase classname="backend.tests.test_relatorios_export.TestPdfExport" name="test_export_pdf_partidas_no_filter" time="0.122" /><testcase classname="backend.tests.test_relatorios_export.TestPdfExport" name="test_export_pdf_partidas_month_year_filter" time="0.119" /><testcase classname="backend.tests.test_relatorios_export.TestPdfExport" name="test_export_pdf_financeiro_no_filter" time="0.130" /><testcase classname="backend.tests.test_relatorios_export.TestPdfExport" name="test_export_pdf_financeiro_year_filter" time="0.123" /><testcase classname="backend.tests.test_relatorios_export.TestPdfExport" name="test_export_pdf_financeiro_month_year_filter" time="0.125" /><testcase classname="backend.tests.test_relatorios_export.TestExportUnauthorized" name="test_export_excel_unauthorized" time="0.107" /><testcase classname="backend.tests.test_relatorios_export.TestExportUnauthorized" name="test_export_pdf_unauthorized" time="0.124" /></testsuite></testsuites>