<?xml version="1.0" encoding="utf-8"?><testsuites name="pytest tests"><testsuite name="pytest" errors="0" failures="0" skipped="0" tests="11" time="2.932" timestamp="2026-04-22T16:37:03.789789+00:00" hostname="agent-env-8b2b64f3-c06a-4729-b0b6-a5aaff4c5867"><testcase classname="backend.tests.test_financeiro_filters.TestAuth" name="test_login_success" time="0.400" /><testcase classname="backend.tests.test_financeiro_filters.TestRecebimentosFilters" name="test_recebimentos_without_filters" time="0.475" /><testcase classname="backend.tests.test_financeiro_filters.TestRecebimentosFilters" name="test_recebimentos_filter_by_year_2024" time="0.151" /><testcase classname="backend.tests.test_financeiro_filters.TestRecebimentosFilters" name="test_recebimentos_filter_by_year_2026" time="0.125" /><testcase classname="backend.tests.test_financeiro_filters.TestRecebimentosFilters" name="test_recebimentos_filter_by_month_and_year" time="0.114" /><testcase classname="backend.tests.test_financeiro_filters.TestRecebimentosFilters" name="test_recebimentos_filter_by_december_2024" time="0.120" /><testcase classname="backend.tests.test_financeiro_filters.TestDespesasFilters" name="test_despesas_without_filters" time="0.432" /><testcase classname="backend.tests.test_financeiro_filters.TestDespesasFilters" name="test_despesas_filter_by_year_2024" time="0.106" /><testcase classname="backend.tests.test_financeiro_filters.TestDespesasFilters" name="test_despesas_filter_by_year_2026" time="0.142" /><testcase classname="backend.tests.test_financeiro_filters.TestDespesasFilters" name="test_despesas_filter_by_month_and_year" time="0.112" /><testcase classname="backend.tests.test_financeiro_filters.TestPatrocinadoresNotAffected" name="test_patrocinadores_no_date_filter_params" time="0.578" /></testsuite></testsuites>